2026-02-12 07:55:56,852 - INFO - 开始处理项目 Time,共 26 个版本
2026-02-12 07:55:56,852 - INFO - 开始处理版本 1
2026-02-12 07:56:01,085 - INFO - 版本 1 处理成功，分析了 0 个变异体
2026-02-12 07:56:01,085 - INFO - 开始处理版本 2
2026-02-12 07:58:36,896 - INFO - 版本 2 处理成功，分析了 2 个变异体
2026-02-12 07:58:36,896 - INFO - 开始处理版本 3
2026-02-12 08:04:16,674 - INFO - 版本 3 处理成功，分析了 5 个变异体
2026-02-12 08:04:16,674 - INFO - 开始处理版本 4
2026-02-12 08:04:16,723 - ERROR - 处理 Time 版本 4 失败：Failed to load model
2026-02-12 08:04:16,723 - ERROR - 版本 4 处理失败: Failed to load model
2026-02-12 08:04:16,723 - INFO - 开始处理版本 5
2026-02-12 08:04:16,789 - ERROR - 处理 Time 版本 5 失败：Failed to load model
2026-02-12 08:04:16,790 - ERROR - 版本 5 处理失败: Failed to load model
2026-02-12 08:04:16,790 - INFO - 开始处理版本 6
2026-02-12 08:04:16,866 - ERROR - 处理 Time 版本 6 失败：Failed to load model
2026-02-12 08:04:16,866 - ERROR - 版本 6 处理失败: Failed to load model
2026-02-12 08:04:16,866 - INFO - 开始处理版本 7
2026-02-12 08:04:16,919 - ERROR - 处理 Time 版本 7 失败：Failed to load model
2026-02-12 08:04:16,919 - ERROR - 版本 7 处理失败: Failed to load model
2026-02-12 08:04:16,919 - INFO - 开始处理版本 8
2026-02-12 08:04:16,991 - ERROR - 处理 Time 版本 8 失败：Failed to load model
2026-02-12 08:04:16,991 - ERROR - 版本 8 处理失败: Failed to load model
2026-02-12 08:04:16,991 - INFO - 开始处理版本 9
2026-02-12 08:04:17,060 - ERROR - 处理 Time 版本 9 失败：Failed to load model
2026-02-12 08:04:17,060 - ERROR - 版本 9 处理失败: Failed to load model
2026-02-12 08:04:17,060 - INFO - 开始处理版本 10
2026-02-12 08:04:17,081 - ERROR - 处理 Time 版本 10 失败：Failed to load model
2026-02-12 08:04:17,081 - ERROR - 版本 10 处理失败: Failed to load model
2026-02-12 08:04:17,081 - INFO - 开始处理版本 11
2026-02-12 08:04:17,178 - ERROR - 处理 Time 版本 11 失败：Failed to load model
2026-02-12 08:04:17,178 - ERROR - 版本 11 处理失败: Failed to load model
2026-02-12 08:04:17,178 - INFO - 开始处理版本 12
2026-02-12 08:04:17,366 - ERROR - 处理 Time 版本 12 失败：Failed to load model
2026-02-12 08:04:17,366 - ERROR - 版本 12 处理失败: Failed to load model
2026-02-12 08:04:17,366 - INFO - 开始处理版本 13
2026-02-12 08:04:17,544 - ERROR - 处理 Time 版本 13 失败：Failed to load model
2026-02-12 08:04:17,544 - ERROR - 版本 13 处理失败: Failed to load model
2026-02-12 08:04:17,544 - INFO - 开始处理版本 14
2026-02-12 08:04:17,594 - ERROR - 处理 Time 版本 14 失败：Failed to load model
2026-02-12 08:04:17,594 - ERROR - 版本 14 处理失败: Failed to load model
2026-02-12 08:04:17,594 - INFO - 开始处理版本 15
2026-02-12 08:04:17,620 - ERROR - 处理 Time 版本 15 失败：Failed to load model
2026-02-12 08:04:17,620 - ERROR - 版本 15 处理失败: Failed to load model
2026-02-12 08:04:17,620 - INFO - 开始处理版本 16
2026-02-12 08:04:17,686 - ERROR - 处理 Time 版本 16 失败：Failed to load model
2026-02-12 08:04:17,686 - ERROR - 版本 16 处理失败: Failed to load model
2026-02-12 08:04:17,686 - INFO - 开始处理版本 17
2026-02-12 08:04:17,755 - ERROR - 处理 Time 版本 17 失败：Failed to load model
2026-02-12 08:04:17,755 - ERROR - 版本 17 处理失败: Failed to load model
2026-02-12 08:04:17,755 - INFO - 开始处理版本 18
2026-02-12 08:04:17,848 - ERROR - 处理 Time 版本 18 失败：Failed to load model
2026-02-12 08:04:17,848 - ERROR - 版本 18 处理失败: Failed to load model
2026-02-12 08:04:17,848 - INFO - 开始处理版本 19
2026-02-12 08:04:17,918 - ERROR - 处理 Time 版本 19 失败：Failed to load model
2026-02-12 08:04:17,918 - ERROR - 版本 19 处理失败: Failed to load model
2026-02-12 08:04:17,918 - INFO - 开始处理版本 20
2026-02-12 08:04:18,094 - ERROR - 处理 Time 版本 20 失败：Failed to load model
2026-02-12 08:04:18,094 - ERROR - 版本 20 处理失败: Failed to load model
2026-02-12 08:04:18,094 - INFO - 开始处理版本 22
2026-02-12 08:04:18,115 - ERROR - 处理 Time 版本 22 失败：Failed to load model
2026-02-12 08:04:18,115 - ERROR - 版本 22 处理失败: Failed to load model
2026-02-12 08:04:18,115 - INFO - 开始处理版本 23
2026-02-12 08:04:18,185 - ERROR - 处理 Time 版本 23 失败：Failed to load model
2026-02-12 08:04:18,185 - ERROR - 版本 23 处理失败: Failed to load model
2026-02-12 08:04:18,185 - INFO - 开始处理版本 24
2026-02-12 08:04:18,223 - ERROR - 处理 Time 版本 24 失败：Failed to load model
2026-02-12 08:04:18,223 - ERROR - 版本 24 处理失败: Failed to load model
2026-02-12 08:04:18,223 - INFO - 开始处理版本 25
2026-02-12 08:04:18,291 - ERROR - 处理 Time 版本 25 失败：Failed to load model
2026-02-12 08:04:18,291 - ERROR - 版本 25 处理失败: Failed to load model
2026-02-12 08:04:18,291 - INFO - 开始处理版本 26
2026-02-12 08:04:18,390 - ERROR - 处理 Time 版本 26 失败：Failed to load model
2026-02-12 08:04:18,390 - ERROR - 版本 26 处理失败: Failed to load model
2026-02-12 08:04:18,390 - INFO - 开始处理版本 27
2026-02-12 08:04:18,538 - ERROR - 处理 Time 版本 27 失败：Failed to load model
2026-02-12 08:04:18,538 - ERROR - 版本 27 处理失败: Failed to load model
2026-02-12 08:04:18,538 - INFO - 项目 Time 处理完成: 3/26 个版本成功，共分析 7 个变异体
